<?xml version="1.0" encoding="UTF-8"?>
<testsuite name="users.StudentTest" tests="14" skipped="0" failures="0" errors="0" timestamp="2023-03-07T18:08:15" hostname="DESKTOP-Q07AVCP" time="17.588">
  <properties/>
  <testcase name="generateTranscript()" classname="users.StudentTest" time="1.848"/>
  <testcase name="registerCourseAsCoreOrELective()" classname="users.StudentTest" time="1.182"/>
  <testcase name="courseWithdraw()" classname="users.StudentTest" time="0.696"/>
  <testcase name="viewgrades()" classname="users.StudentTest" time="1.653"/>
  <testcase name="preReqNotSatisfied()" classname="users.StudentTest" time="1.956"/>
  <testcase name="creditLimitExceedsAvg()" classname="users.StudentTest" time="2.122"/>
  <testcase name="cgReqNotSatisfied()" classname="users.StudentTest" time="2.065"/>
  <testcase name="bothCreditsNotCompleted()" classname="users.StudentTest" time="0.19"/>
  <testcase name="creditLimitExceeds21()" classname="users.StudentTest" time="1.115"/>
  <testcase name="electiveCreditsNotCompleted()" classname="users.StudentTest" time="1.28"/>
  <testcase name="allCreditsNotCompleted()" classname="users.StudentTest" time="1.876"/>
  <testcase name="coverOffering()" classname="users.StudentTest" time="0.175"/>
  <testcase name="programCreditsNotCompleted()" classname="users.StudentTest" time="1.208"/>
  <testcase name="InvalidCourseRegister()" classname="users.StudentTest" time="0.213"/>
  <system-out><![CDATA[(Grade -1 means the course has not been graded yet)
COURSE 	 YEAR 	 SEM 	 GRADE 	 CREDIT 	 REGISTERED AS
TC3 	 2022 	 1 	 -1 	 3 	 
TC1 	 2022 	 1 	 8 	 3 	 
TC2 	 2022 	 1 	 7 	 4 	 
The following courses are available for enrollment: 
]]></system-out>
  <system-err><![CDATA[]]></system-err>
</testsuite>
