<?xml version="1.0" encoding="UTF-8"?>
<testsuite name="users.AdminTest" tests="1" skipped="0" failures="0" errors="0" timestamp="2023-03-06T17:03:28" hostname="DESKTOP-Q07AVCP" time="0.923">
  <properties/>
  <testcase name="changeAcademicYearSem()" classname="users.AdminTest" time="0.923"/>
  <system-out><![CDATA[]]></system-out>
  <system-err><![CDATA[]]></system-err>
</testsuite>
