<?xml version="1.0" encoding="UTF-8"?>
<testsuite name="users.AdminTest" tests="10" skipped="0" failures="0" errors="0" timestamp="2023-03-07T17:04:32" hostname="DESKTOP-Q07AVCP" time="7.649">
  <properties/>
  <testcase name="createAccountForInValidUser()" classname="users.AdminTest" time="1.248"/>
  <testcase name="createAccountFaculty()" classname="users.AdminTest" time="0.33"/>
  <testcase name="deletecourse()" classname="users.AdminTest" time="0.288"/>
  <testcase name="viewgradesstudent()" classname="users.AdminTest" time="3.048"/>
  <testcase name="addcourse()" classname="users.AdminTest" time="0.2"/>
  <testcase name="viewgradescourse()" classname="users.AdminTest" time="1.67"/>
  <testcase name="editCourseCatalogForInvalidChoice()" classname="users.AdminTest" time="0.297"/>
  <testcase name="coverCatalogandOfferings()" classname="users.AdminTest" time="0.19"/>
  <testcase name="changeAcademicYearSem()" classname="users.AdminTest" time="0.153"/>
  <testcase name="createAccountStudent()" classname="users.AdminTest" time="0.208"/>
  <system-out><![CDATA[(Grade -1 means the course has not been graded yet)
COURSE 	 YEAR 	 SEM 	 GRADE 	 CREDIT 	 REGISTERED AS
TC3 	 2022 	 1 	 -1 	 3 	 
TC1 	 2022 	 1 	 8 	 3 	 
TC2 	 2022 	 1 	 7 	 4 	 
Choose a valid student
(Grade -1 means the course has not been graded yet)
COURSE 	 ENROLLMENT YEAR 	 GRADE 
TS1 	 2022 	 8
TS2 	 2022 	 8
TS3 	 2022 	 8
Choose a valid course.
COURSEID 	 CG REQ 	 YEAR 	 SEM 
cs201 	 6.5 	 2022 	 2
ma201 	 6.5 	 2022 	 2
cs101 	 7 	 2022 	 1
ma201 	 6.5 	 2022 	 1
COURSEID 	 L 	 T 	 P 	 PREREQUISITE 	 OFFERED AS CORE 	 OFFERED AS ELECTIVE
cs101 	 3 	 0 	 0 	 - 	 cs,mc 	 -
cs201 	 4 	 0 	 0 	 ge103 	 cs,mc 	 ee
ma201 	 3 	 1 	 0 	 ma101 	 cs,mc,ee,me,ep,ch,ce,mme 	 -
ee201 	 3 	 1 	 0 	 ge104 	 ee,mc,cs 	 ep
]]></system-out>
  <system-err><![CDATA[]]></system-err>
</testsuite>
