<?xml version="1.0" encoding="UTF-8"?>
<testsuite name="users.StudentTest" tests="1" skipped="0" failures="0" errors="0" timestamp="2023-03-07T06:12:45" hostname="DESKTOP-Q07AVCP" time="2.512">
  <properties/>
  <testcase name="viewgrades()" classname="users.StudentTest" time="2.512"/>
  <system-out><![CDATA[2022 1 1
COURSEID 	 L 	 T 	 P 	 PREREQUISITE 	 OFFERED AS CORE 	 OFFERED AS ELECTIVE
cs101 	 3 	 0 	 0 	 - 	 cs,mc 	 -
cs201 	 4 	 0 	 0 	 ge103 	 cs,mc 	 ee
ma201 	 3 	 1 	 0 	 ma101 	 cs,mc,ee,me,ep,ch,ce,mme 	 -
ee201 	 3 	 1 	 0 	 ge104 	 ee,mc,cs 	 ep
TC1 	 3 	 0 	 0 	 - 	 cs,mc 	 ee,me
TC2 	 4 	 0 	 0 	 - 	 cs,mc 	 ee,me
TC3 	 3 	 0 	 0 	 - 	 cs,mc 	 ee,me
The following courses are available for enrollment: 
cs101
ma201
TC1
2022 1 1
COURSEID 	 L 	 T 	 P 	 PREREQUISITE 	 OFFERED AS CORE 	 OFFERED AS ELECTIVE
cs101 	 3 	 0 	 0 	 - 	 cs,mc 	 -
cs201 	 4 	 0 	 0 	 ge103 	 cs,mc 	 ee
ma201 	 3 	 1 	 0 	 ma101 	 cs,mc,ee,me,ep,ch,ce,mme 	 -
ee201 	 3 	 1 	 0 	 ge104 	 ee,mc,cs 	 ep
TC1 	 3 	 0 	 0 	 - 	 cs,mc 	 ee,me
TC2 	 4 	 0 	 0 	 - 	 cs,mc 	 ee,me
TC3 	 3 	 0 	 0 	 - 	 cs,mc 	 ee,me
The following courses are available for enrollment: 
cs101
ma201
TC1
TC2
2022 1 1
COURSEID 	 L 	 T 	 P 	 PREREQUISITE 	 OFFERED AS CORE 	 OFFERED AS ELECTIVE
cs101 	 3 	 0 	 0 	 - 	 cs,mc 	 -
cs201 	 4 	 0 	 0 	 ge103 	 cs,mc 	 ee
ma201 	 3 	 1 	 0 	 ma101 	 cs,mc,ee,me,ep,ch,ce,mme 	 -
ee201 	 3 	 1 	 0 	 ge104 	 ee,mc,cs 	 ep
TC1 	 3 	 0 	 0 	 - 	 cs,mc 	 ee,me
TC2 	 4 	 0 	 0 	 - 	 cs,mc 	 ee,me
TC3 	 3 	 0 	 0 	 - 	 cs,mc 	 ee,me
The following courses are available for enrollment: 
cs101
ma201
TC1
TC2
TC3
(Grade -1 means the course has not been graded yet)
COURSE 	 YEAR 	 SEM 	 GRADE 	 CREDIT 	 REGISTERED AS
TC3 	 2022 	 1 	 -1 	 3 	 
TC1 	 2022 	 1 	 8 	 3 	 
TC2 	 2022 	 1 	 7 	 4 	 
2022 1 1
These are the courses you have floated:-
TC1
TC2
TC3
2022 1 1
These are the courses you have floated:-
TC2
TC3
2022 1 1
These are the courses you have floated:-
TC3
]]></system-out>
  <system-err><![CDATA[]]></system-err>
</testsuite>
