<?xml version="1.0" encoding="UTF-8"?>
<testsuite name="users.StudentTest" tests="13" skipped="0" failures="0" errors="0" timestamp="2023-03-07T12:16:24" hostname="DESKTOP-Q07AVCP" time="19.303">
  <properties/>
  <testcase name="generateTranscript()" classname="users.StudentTest" time="3.178"/>
  <testcase name="registerCourseAsCoreOrELective()" classname="users.StudentTest" time="1.506"/>
  <testcase name="courseWithdraw()" classname="users.StudentTest" time="0.74"/>
  <testcase name="viewgrades()" classname="users.StudentTest" time="1.873"/>
  <testcase name="preReqNotSatisfied()" classname="users.StudentTest" time="2.227"/>
  <testcase name="creditLimitExceedsAvg()" classname="users.StudentTest" time="2.165"/>
  <testcase name="cgReqNotSatisfied()" classname="users.StudentTest" time="1.969"/>
  <testcase name="bothCreditsNotCompleted()" classname="users.StudentTest" time="0.186"/>
  <testcase name="creditLimitExceeds21()" classname="users.StudentTest" time="0.971"/>
  <testcase name="electiveCreditsNotCompleted()" classname="users.StudentTest" time="1.192"/>
  <testcase name="allCreditsNotCompleted()" classname="users.StudentTest" time="1.814"/>
  <testcase name="programCreditsNotCompleted()" classname="users.StudentTest" time="1.243"/>
  <testcase name="InvalidCourseRegister()" classname="users.StudentTest" time="0.225"/>
  <system-out><![CDATA[(Grade -1 means the course has not been graded yet)
COURSE 	 YEAR 	 SEM 	 GRADE 	 CREDIT 	 REGISTERED AS
TC3 	 2022 	 1 	 -1 	 3 	 
TC1 	 2022 	 1 	 8 	 3 	 
TC2 	 2022 	 1 	 7 	 4 	 
]]></system-out>
  <system-err><![CDATA[]]></system-err>
</testsuite>
