<?xml version="1.0" encoding="UTF-8"?>
<testsuite name="users.StudentTest" tests="4" skipped="0" failures="0" errors="0" timestamp="2023-03-06T21:01:15" hostname="DESKTOP-Q07AVCP" time="8.545">
  <properties/>
  <testcase name="courseWithdraw()" classname="users.StudentTest" time="2.562"/>
  <testcase name="creditLimitExceedsAvg()" classname="users.StudentTest" time="3.454"/>
  <testcase name="creditLimitExceeds21()" classname="users.StudentTest" time="2.09"/>
  <testcase name="InvalidCourseRegister()" classname="users.StudentTest" time="0.431"/>
  <system-out><![CDATA[2022 1 1
COURSEID 	 L 	 T 	 P 	 PREREQUISITE 	 OFFERED AS CORE 	 OFFERED AS ELECTIVE
TC1 	 3 	 0 	 0 	 - 	 cs,mc 	 ee,me
cs101 	 3 	 0 	 0 	 - 	 cs,mc 	 -
cs201 	 4 	 0 	 0 	 ge103 	 cs,mc 	 ee
ma201 	 3 	 1 	 0 	 ma101 	 cs,mc,ee,me,ep,ch,ce,mme 	 -
ee201 	 3 	 1 	 0 	 ge104 	 ee,mc,cs 	 ep
The following courses are available for enrollment: 
cs101
ma201
TC1
2022 1 1
These are the courses you have floated:-
TC1
2022 1 1
COURSEID 	 L 	 T 	 P 	 PREREQUISITE 	 OFFERED AS CORE 	 OFFERED AS ELECTIVE
TC1 	 3 	 0 	 0 	 - 	 cs,mc 	 ee,me
cs101 	 3 	 0 	 0 	 - 	 cs,mc 	 -
cs201 	 4 	 0 	 0 	 ge103 	 cs,mc 	 ee
ma201 	 3 	 1 	 0 	 ma101 	 cs,mc,ee,me,ep,ch,ce,mme 	 -
ee201 	 3 	 1 	 0 	 ge104 	 ee,mc,cs 	 ep
TC2 	 4 	 0 	 0 	 - 	 cs,mc 	 ee,me
TC3 	 3 	 0 	 0 	 - 	 cs,mc 	 ee,me
TC4 	 4 	 0 	 0 	 - 	 cs,mc 	 ee,me
The following courses are available for enrollment: 
cs101
ma201
TC1
2022 2 1
COURSEID 	 L 	 T 	 P 	 PREREQUISITE 	 OFFERED AS CORE 	 OFFERED AS ELECTIVE
TC1 	 3 	 0 	 0 	 - 	 cs,mc 	 ee,me
cs101 	 3 	 0 	 0 	 - 	 cs,mc 	 -
cs201 	 4 	 0 	 0 	 ge103 	 cs,mc 	 ee
ma201 	 3 	 1 	 0 	 ma101 	 cs,mc,ee,me,ep,ch,ce,mme 	 -
ee201 	 3 	 1 	 0 	 ge104 	 ee,mc,cs 	 ep
TC2 	 4 	 0 	 0 	 - 	 cs,mc 	 ee,me
TC3 	 3 	 0 	 0 	 - 	 cs,mc 	 ee,me
TC4 	 4 	 0 	 0 	 - 	 cs,mc 	 ee,me
The following courses are available for enrollment: 
cs201
ma201
TC2
2023 1 1
COURSEID 	 L 	 T 	 P 	 PREREQUISITE 	 OFFERED AS CORE 	 OFFERED AS ELECTIVE
TC1 	 3 	 0 	 0 	 - 	 cs,mc 	 ee,me
cs101 	 3 	 0 	 0 	 - 	 cs,mc 	 -
cs201 	 4 	 0 	 0 	 ge103 	 cs,mc 	 ee
ma201 	 3 	 1 	 0 	 ma101 	 cs,mc,ee,me,ep,ch,ce,mme 	 -
ee201 	 3 	 1 	 0 	 ge104 	 ee,mc,cs 	 ep
TC2 	 4 	 0 	 0 	 - 	 cs,mc 	 ee,me
TC3 	 3 	 0 	 0 	 - 	 cs,mc 	 ee,me
TC4 	 4 	 0 	 0 	 - 	 cs,mc 	 ee,me
2023 1 1
COURSEID 	 L 	 T 	 P 	 PREREQUISITE 	 OFFERED AS CORE 	 OFFERED AS ELECTIVE
TC1 	 3 	 0 	 0 	 - 	 cs,mc 	 ee,me
cs101 	 3 	 0 	 0 	 - 	 cs,mc 	 -
cs201 	 4 	 0 	 0 	 ge103 	 cs,mc 	 ee
ma201 	 3 	 1 	 0 	 ma101 	 cs,mc,ee,me,ep,ch,ce,mme 	 -
ee201 	 3 	 1 	 0 	 ge104 	 ee,mc,cs 	 ep
TC2 	 4 	 0 	 0 	 - 	 cs,mc 	 ee,me
TC3 	 3 	 0 	 0 	 - 	 cs,mc 	 ee,me
TC4 	 4 	 0 	 0 	 - 	 cs,mc 	 ee,me
The following courses are available for enrollment: 
TC3
TC4
The following courses are available for enrollment: 
TC3
TC4
2022 1 1
These are the courses you have floated:-
TC1
TC2
TC3
TC4
2022 1 1
These are the courses you have floated:-
TC2
TC3
TC4
2022 1 1
These are the courses you have floated:-
TC3
TC4
2022 1 1
These are the courses you have floated:-
TC4
2022 1 1
COURSEID 	 L 	 T 	 P 	 PREREQUISITE 	 OFFERED AS CORE 	 OFFERED AS ELECTIVE
cs101 	 3 	 0 	 0 	 - 	 cs,mc 	 -
cs201 	 4 	 0 	 0 	 ge103 	 cs,mc 	 ee
ma201 	 3 	 1 	 0 	 ma101 	 cs,mc,ee,me,ep,ch,ce,mme 	 -
ee201 	 3 	 1 	 0 	 ge104 	 ee,mc,cs 	 ep
TC1 	 21 	 0 	 0 	 - 	 cs,mc 	 ee,me
TC2 	 3 	 0 	 0 	 - 	 cs,mc 	 ee,me
2022 1 1
COURSEID 	 L 	 T 	 P 	 PREREQUISITE 	 OFFERED AS CORE 	 OFFERED AS ELECTIVE
cs101 	 3 	 0 	 0 	 - 	 cs,mc 	 -
cs201 	 4 	 0 	 0 	 ge103 	 cs,mc 	 ee
ma201 	 3 	 1 	 0 	 ma101 	 cs,mc,ee,me,ep,ch,ce,mme 	 -
ee201 	 3 	 1 	 0 	 ge104 	 ee,mc,cs 	 ep
TC1 	 21 	 0 	 0 	 - 	 cs,mc 	 ee,me
TC2 	 3 	 0 	 0 	 - 	 cs,mc 	 ee,me
The following courses are available for enrollment: 
cs101
ma201
TC1
TC2
The following courses are available for enrollment: 
cs101
ma201
TC1
TC2
2022 1 1
These are the courses you have floated:-
TC1
TC2
2022 1 1
These are the courses you have floated:-
TC2
The following courses are available for enrollment: 
cs101
ma201
]]></system-out>
  <system-err><![CDATA[]]></system-err>
</testsuite>
