<?xml version="1.0" encoding="UTF-8"?>
<testsuite name="users.AdminTest" tests="9" skipped="0" failures="0" errors="0" timestamp="2023-03-07T16:05:04" hostname="DESKTOP-Q07AVCP" time="8.876">
  <properties/>
  <testcase name="createAccountForInValidUser()" classname="users.AdminTest" time="1.323"/>
  <testcase name="createAccountFaculty()" classname="users.AdminTest" time="0.302"/>
  <testcase name="deletecourse()" classname="users.AdminTest" time="0.384"/>
  <testcase name="viewgradesstudent()" classname="users.AdminTest" time="3.783"/>
  <testcase name="addcourse()" classname="users.AdminTest" time="0.202"/>
  <testcase name="viewgradescourse()" classname="users.AdminTest" time="2.254"/>
  <testcase name="editCourseCatalogForInvalidChoice()" classname="users.AdminTest" time="0.285"/>
  <testcase name="changeAcademicYearSem()" classname="users.AdminTest" time="0.119"/>
  <testcase name="createAccountStudent()" classname="users.AdminTest" time="0.206"/>
  <system-out><![CDATA[(Grade -1 means the course has not been graded yet)
COURSE 	 YEAR 	 SEM 	 GRADE 	 CREDIT 	 REGISTERED AS
TC3 	 2022 	 1 	 -1 	 3 	 
TC1 	 2022 	 1 	 8 	 3 	 
TC2 	 2022 	 1 	 7 	 4 	 
Choose a valid student
(Grade -1 means the course has not been graded yet)
COURSE 	 ENROLLMENT YEAR 	 GRADE 
TS1 	 2022 	 8
TS2 	 2022 	 8
TS3 	 2022 	 8
Choose a valid course.
]]></system-out>
  <system-err><![CDATA[]]></system-err>
</testsuite>
