<?xml version="1.0" encoding="UTF-8"?>
<testsuite name="users.AdminTest" tests="1" skipped="0" failures="0" errors="0" timestamp="2023-03-06T05:47:41" hostname="DESKTOP-Q07AVCP" time="0.037">
  <properties/>
  <testcase name="createAccount()" classname="users.AdminTest" time="0.037"/>
  <system-out><![CDATA[]]></system-out>
  <system-err><![CDATA[]]></system-err>
</testsuite>
