<?xml version="1.0" encoding="UTF-8"?>
<testsuite name="users.InstructorTest" tests="7" skipped="0" failures="0" errors="0" timestamp="2023-03-07T17:04:40" hostname="DESKTOP-Q07AVCP" time="7.01">
  <properties/>
  <testcase name="updateGradesForValidCourse()" classname="users.InstructorTest" time="1.916"/>
  <testcase name="viewGradesValidCourse()" classname="users.InstructorTest" time="1.669"/>
  <testcase name="viewGradesInvalidCourse()" classname="users.InstructorTest" time="0.563"/>
  <testcase name="deFloatCourse()" classname="users.InstructorTest" time="1.233"/>
  <testcase name="coverCatalogandOfferings()" classname="users.InstructorTest" time="0.45"/>
  <testcase name="updateGradesForInvalidCourse()" classname="users.InstructorTest" time="0.391"/>
  <testcase name="floatCourse()" classname="users.InstructorTest" time="0.775"/>
  <system-out><![CDATA[(Grade -1 means the course has not been graded yet)
COURSE 	 ENROLLMENT YEAR 	 GRADE 
TS1 	 2022 	 8
TS2 	 2022 	 8
TS3 	 2022 	 8
Choose a valid course.
COURSEID 	 L 	 T 	 P 	 PREREQUISITE 	 OFFERED AS CORE 	 OFFERED AS ELECTIVE
cs101 	 3 	 0 	 0 	 - 	 cs,mc 	 -
cs201 	 4 	 0 	 0 	 ge103 	 cs,mc 	 ee
ma201 	 3 	 1 	 0 	 ma101 	 cs,mc,ee,me,ep,ch,ce,mme 	 -
ee201 	 3 	 1 	 0 	 ge104 	 ee,mc,cs 	 ep
COURSEID 	 CG REQ 	 YEAR 	 SEM 
]]></system-out>
  <system-err><![CDATA[]]></system-err>
</testsuite>
