<?xml version="1.0" encoding="UTF-8"?>
<testsuite name="users.AdminTest" tests="1" skipped="0" failures="0" errors="0" timestamp="2023-03-07T07:43:54" hostname="DESKTOP-Q07AVCP" time="2.901">
  <properties/>
  <testcase name="viewgradescourse()" classname="users.AdminTest" time="2.901"/>
  <system-out><![CDATA[2022 1 1
The following courses are available for enrollment: 
cs101
ma201
TC1
The following courses are available for enrollment: 
cs101
ma201
TC1
The following courses are available for enrollment: 
cs101
ma201
TC1
(Grade -1 means the course has not been graded yet)
COURSE 	 ENROLLMENT YEAR 	 GRADE 
TS1 	 2022 	 8
TS2 	 2022 	 8
TS3 	 2022 	 8
Choose a valid course.
2022 1 1
]]></system-out>
  <system-err><![CDATA[]]></system-err>
</testsuite>
